<?xml version="1.0" encoding="UTF-8"?>
<!-- Generated by org.testng.reporters.JUnitXMLReporter -->
<testsuite ignored="0" hostname="DESKTOP-DJ4FDME" failures="0" tests="3" name="Default test" time="22.006" errors="0" timestamp="2024-04-16T05:36:34 IST">
  <testcase classname="org.wipro.auto.project.testcases.LoginScenario" name="loginFunctionaility" time="0.404"/>
  <testcase classname="org.wipro.auto.project.testcases.LoginScenario" name="loginFunctionaility" time="0.335"/>
  <testcase classname="org.wipro.auto.project.testcases.LoginScenario" name="loginFunctionaility" time="0.447"/>
</testsuite> <!-- Default test -->
