<?xml version="1.0" encoding="UTF-8"?>
<!-- Generated by org.testng.reporters.JUnitXMLReporter -->
<testsuite ignored="2" hostname="DESKTOP-DJ4FDME" failures="0" tests="2" name="Test" time="18.261" errors="0" timestamp="2024-04-11T05:56:10 IST">
  <testcase classname="org.xyz.automation.fb.HandleKeyboardMouse" name="handleAlerts" time="8.683"/>
  <testcase classname="org.xyz.automation.fb.HandleKeyboardMouse" name="handleFrames" time="9.465"/>
  <testcase classname="org.xyz.automation.fb.HandleKeyboardMouse" name="handlekeyboard" time="0.0">
    <ignored/>
  </testcase> <!-- handlekeyboard -->
  <testcase classname="org.xyz.automation.fb.HandleKeyboardMouse" name="handleMouse" time="0.0">
    <ignored/>
  </testcase> <!-- handleMouse -->
</testsuite> <!-- Test -->
