<?xml version="1.0" encoding="UTF-8"?>
<testng-results ignored="0" total="3" passed="3" failed="0" skipped="0">
  <reporter-output>
  </reporter-output>
  <suite started-at="2024-04-16T05:36:12 IST" name="Default suite" finished-at="2024-04-16T05:36:34 IST" duration-ms="22006">
    <groups>
    </groups>
    <test started-at="2024-04-16T05:36:12 IST" name="Default test" finished-at="2024-04-16T05:36:34 IST" duration-ms="22006">
      <class name="org.wipro.auto.project.testcases.LoginScenario">
        <test-method is-config="true" signature="launchBrowser()[pri:0, instance:org.wipro.auto.project.testcases.LoginScenario@5824a83d]" started-at="2024-04-16T05:36:12 IST" name="launchBrowser" finished-at="2024-04-16T05:36:18 IST" duration-ms="6238" status="PASS">
          <reporter-output>
          </reporter-output>
        </test-method> <!-- launchBrowser -->
        <test-method signature="loginFunctionaility(java.lang.String,java.lang.String)[pri:0, instance:org.wipro.auto.project.testcases.LoginScenario@5824a83d]" started-at="2024-04-16T05:36:18 IST" name="loginFunctionaility" data-provider="ddf" finished-at="2024-04-16T05:36:19 IST" duration-ms="404" status="PASS">
          <params>
            <param index="0">
              <value>
                <![CDATA[user1]]>
              </value>
            </param>
            <param index="1">
              <value>
                <![CDATA[pass1]]>
              </value>
            </param>
          </params>
          <reporter-output>
          </reporter-output>
        </test-method> <!-- loginFunctionaility -->
        <test-method is-config="true" signature="closeBrowser()[pri:0, instance:org.wipro.auto.project.testcases.LoginScenario@5824a83d]" started-at="2024-04-16T05:36:19 IST" name="closeBrowser" finished-at="2024-04-16T05:36:20 IST" duration-ms="1380" status="PASS">
          <reporter-output>
          </reporter-output>
        </test-method> <!-- closeBrowser -->
        <test-method is-config="true" signature="launchBrowser()[pri:0, instance:org.wipro.auto.project.testcases.LoginScenario@5824a83d]" started-at="2024-04-16T05:36:20 IST" name="launchBrowser" finished-at="2024-04-16T05:36:25 IST" duration-ms="5218" status="PASS">
          <reporter-output>
          </reporter-output>
        </test-method> <!-- launchBrowser -->
        <test-method signature="loginFunctionaility(java.lang.String,java.lang.String)[pri:0, instance:org.wipro.auto.project.testcases.LoginScenario@5824a83d]" started-at="2024-04-16T05:36:25 IST" name="loginFunctionaility" data-provider="ddf" finished-at="2024-04-16T05:36:25 IST" duration-ms="335" status="PASS">
          <params>
            <param index="0">
              <value>
                <![CDATA[user2]]>
              </value>
            </param>
            <param index="1">
              <value>
                <![CDATA[pass2]]>
              </value>
            </param>
          </params>
          <reporter-output>
          </reporter-output>
        </test-method> <!-- loginFunctionaility -->
        <test-method is-config="true" signature="closeBrowser()[pri:0, instance:org.wipro.auto.project.testcases.LoginScenario@5824a83d]" started-at="2024-04-16T05:36:25 IST" name="closeBrowser" finished-at="2024-04-16T05:36:27 IST" duration-ms="1423" status="PASS">
          <reporter-output>
          </reporter-output>
        </test-method> <!-- closeBrowser -->
        <test-method is-config="true" signature="launchBrowser()[pri:0, instance:org.wipro.auto.project.testcases.LoginScenario@5824a83d]" started-at="2024-04-16T05:36:27 IST" name="launchBrowser" finished-at="2024-04-16T05:36:32 IST" duration-ms="4992" status="PASS">
          <reporter-output>
          </reporter-output>
        </test-method> <!-- launchBrowser -->
        <test-method signature="loginFunctionaility(java.lang.String,java.lang.String)[pri:0, instance:org.wipro.auto.project.testcases.LoginScenario@5824a83d]" started-at="2024-04-16T05:36:32 IST" name="loginFunctionaility" data-provider="ddf" finished-at="2024-04-16T05:36:32 IST" duration-ms="447" status="PASS">
          <params>
            <param index="0">
              <value>
                <![CDATA[user3]]>
              </value>
            </param>
            <param index="1">
              <value>
                <![CDATA[pass3]]>
              </value>
            </param>
          </params>
          <reporter-output>
          </reporter-output>
        </test-method> <!-- loginFunctionaility -->
        <test-method is-config="true" signature="closeBrowser()[pri:0, instance:org.wipro.auto.project.testcases.LoginScenario@5824a83d]" started-at="2024-04-16T05:36:32 IST" name="closeBrowser" finished-at="2024-04-16T05:36:34 IST" duration-ms="1453" status="PASS">
          <reporter-output>
          </reporter-output>
        </test-method> <!-- closeBrowser -->
      </class> <!-- org.wipro.auto.project.testcases.LoginScenario -->
    </test> <!-- Default test -->
  </suite> <!-- Default suite -->
</testng-results>
